#
# A fatal error has been detected by the Java Runtime Environment:
#
#  Internal Error (0xc000000d), pid=16008, tid=24764
#
# JRE version: Java(TM) SE Runtime Environment (8.0_51-b16) (build 1.8.0_51-b16)
# Java VM: Java HotSpot(TM) 64-Bit Server VM (25.51-b03 mixed mode windows-amd64 compressed oops)
# Problematic frame:
# C  [ntdll.dll+0x108b20]
#
# Failed to write core dump. Minidumps are not enabled by default on client versions of Windows
#
# If you would like to submit a bug report, please visit:
#   http://bugreport.java.com/bugreport/crash.jsp
#

---------------  T H R E A D  ---------------

Current thread (0x0000000025a06000):  VMThread [stack: 0x0000000026a90000,0x0000000026b90000] [id=24764]

siginfo: ExceptionCode=0xc000000d

Registers:
RAX=0x0000000000000002, RBX=0xfffffffffffffffe, RCX=0x0000000000003070, RDX=0x0000000000000000
RSP=0x0000000026b8e9f0, RBP=0x00007ff805e57408, RSI=0x0000000000000000, RDI=0x0000000000004334
R8 =0x0000000000000000, R9 =0x0000ddb5f3254c8e, R10=0x0000000026b8e5f0, R11=0x0000000000000000
R12=0x000000003758d2f0, R13=0x00007ff805e1e048, R14=0x000000003758d3f8, R15=0x0000000026b8eb68
RIP=0x00007ff814538b20, EFLAGS=0x0000000000000202

Top of Stack: (sp=0x0000000026b8e9f0)
0x0000000026b8e9f0:   0000000000000057 fffffffffffffffe
0x0000000026b8ea00:   0000000000000000 0000000000004334
0x0000000026b8ea10:   00000000c000000d 0000000000000000
0x0000000026b8ea20:   00007ff814538b20 0000000000000000
0x0000000026b8ea30:   0000000000000000 0000000000000000
0x0000000026b8ea40:   0000000000000000 0000000000000000
0x0000000026b8ea50:   0000000000000000 0000000000000000
0x0000000026b8ea60:   0000000000000000 0000000000000000
0x0000000026b8ea70:   0000000000000000 0000000000000000
0x0000000026b8ea80:   0000000000000000 0000000000000000
0x0000000026b8ea90:   0000000000000000 0000000000000000
0x0000000026b8eaa0:   0000000000000000 0000000000000000
0x0000000026b8eab0:   0000ddb5f325415e 0000000000000000
0x0000000026b8eac0:   0000000000000120 00007ff8144e72df
0x0000000026b8ead0:   0000000000000002 0000000000000013
0x0000000026b8eae0:   0000000000000000 0000000000000000 

Instructions: (pc=0x00007ff814538b20)
0x00007ff814538b00:   7f f9 ff c7 44 24 20 0d 00 00 c0 b9 57 00 00 00
0x00007ff814538b10:   e8 7b e5 f3 ff 90 48 8d 4c 24 20 e8 90 c4 ef ff
0x00007ff814538b20:   eb 00 48 8b 8c 24 c0 00 00 00 48 33 cc e8 fe 1a
0x00007ff814538b30:   f8 ff 48 81 c4 d8 00 00 00 c3 40 55 48 83 ec 20 


Register to memory mapping:

RAX=0x0000000000000002 is an unknown value
RBX=0xfffffffffffffffe is an unknown value
RCX=0x0000000000003070 is an unknown value
RDX=0x0000000000000000 is an unknown value
RSP=0x0000000026b8e9f0 is an unknown value
RBP=0x00007ff805e57408 is an unknown value
RSI=0x0000000000000000 is an unknown value
RDI=0x0000000000004334 is an unknown value
R8 =0x0000000000000000 is an unknown value
R9 =0x0000ddb5f3254c8e is an unknown value
R10=0x0000000026b8e5f0 is an unknown value
R11=0x0000000000000000 is an unknown value
R12=0x000000003758d2f0 is an unknown value
R13=0x00007ff805e1e048 is an unknown value
R14=0x000000003758d3f8 is an unknown value
R15=0x0000000026b8eb68 is an unknown value


Stack: [0x0000000026a90000,0x0000000026b90000],  sp=0x0000000026b8e9f0,  free space=1018k
Native frames: (J=compiled Java code, j=interpreted, Vv=VM code, C=native code)
C  [ntdll.dll+0x108b20]
C  [ntdll.dll+0xb72df]
C  [KERNEL32.DLL+0x1e36a]
C  0x00007ff805e5752d
C  0x00007ff805e573c6
C  0x00007ff805e64cca
C  0x00007ff805e63edc
C  0x00007ff805e5239e
C  0x00007ff805e5af9e
C  0x00007ff805a497b9
C  0x00007ff802c3e95b
C  0x00007ff802c4019b
C  0x00007ff805dc7c1a
C  0x00007ff805dc7a95
C  0x00007ff805dd8660
C  0x00007ff805e0fe2c
C  0x00007ff805e100ae
C  [ntdll.dll+0x34053]
C  [ntdll.dll+0x40a05]
C  [ntdll.dll+0x408c8]
C  [KERNEL32.DLL+0x1b19a]
C  [msvcr100.dll+0x20ccd]
V  [jvm.dll+0x20f115]
V  [jvm.dll+0x247e47]
V  [jvm.dll+0x2470e6]
V  [jvm.dll+0x247581]
V  [jvm.dll+0x24779e]
V  [jvm.dll+0x29846a]
C  [msvcr100.dll+0x21d9f]
C  [msvcr100.dll+0x21e3b]
C  [KERNEL32.DLL+0x13034]
C  [ntdll.dll+0x71461]

VM_Operation (0x0000000002d1e220): Exit, mode: safepoint, requested by thread 0x0000000002d25000


---------------  P R O C E S S  ---------------

Java Threads: ( => current thread )
  0x0000000042f51800 JavaThread "AWT-Shutdown" [_thread_blocked, id=16488, stack(0x000000006c550000,0x000000006c650000)]
  0x0000000042f4b800 JavaThread "Chunk I/O Executor Thread-1" daemon [_thread_blocked, id=18364, stack(0x000000006a400000,0x000000006a500000)]
  0x000000002ed0c800 JavaThread "Netty Server IO #1" daemon [_thread_blocked, id=6700, stack(0x000000004b880000,0x000000004b980000)]
  0x000000002ed08800 JavaThread "Netty Local Client IO #0" daemon [_thread_blocked, id=860, stack(0x000000004b780000,0x000000004b880000)]
  0x000000002ed0d000 JavaThread "Netty Server IO #0" daemon [_thread_blocked, id=7952, stack(0x000000004b480000,0x000000004b580000)]
  0x000000002ed07000 JavaThread "File IO Thread" [_thread_blocked, id=5188, stack(0x000000004b380000,0x000000004b480000)]
  0x000000002832c000 JavaThread "Forestry Greenhouse" [_thread_blocked, id=1524, stack(0x000000004b280000,0x000000004b380000)]
  0x000000002b25d800 JavaThread "Forestry Greenhouse Client" [_thread_blocked, id=22844, stack(0x0000000047aa0000,0x0000000047ba0000)]
  0x000000002b25f000 JavaThread "Narrator" daemon [_thread_blocked, id=16476, stack(0x0000000047480000,0x0000000047580000)]
  0x000000002b0c8000 JavaThread "LWJGL Timer" daemon [_thread_blocked, id=22748, stack(0x0000000032960000,0x0000000032a60000)]
  0x0000000028180000 JavaThread "Java2D Disposer" daemon [_thread_blocked, id=6468, stack(0x000000002ee30000,0x000000002ef30000)]
  0x00000000289a9800 JavaThread "Timer hack thread" daemon [_thread_blocked, id=2496, stack(0x000000002c650000,0x000000002c750000)]
  0x000000002d1e0800 JavaThread "Snooper Timer" daemon [_thread_blocked, id=12956, stack(0x0000000029f10000,0x000000002a010000)]
  0x00000000272c0800 JavaThread "Service Thread" daemon [_thread_blocked, id=21800, stack(0x0000000027690000,0x0000000027790000)]
  0x0000000025a58800 JavaThread "C1 CompilerThread2" daemon [_thread_blocked, id=7780, stack(0x0000000027190000,0x0000000027290000)]
  0x0000000025a48800 JavaThread "C2 CompilerThread1" daemon [_thread_blocked, id=3812, stack(0x0000000027090000,0x0000000027190000)]
  0x0000000025a46800 JavaThread "C2 CompilerThread0" daemon [_thread_blocked, id=15800, stack(0x0000000026f90000,0x0000000027090000)]
  0x0000000025a44800 JavaThread "Attach Listener" daemon [_thread_blocked, id=22248, stack(0x0000000026e90000,0x0000000026f90000)]
  0x0000000025a43000 JavaThread "Signal Dispatcher" daemon [_thread_blocked, id=3304, stack(0x0000000026d90000,0x0000000026e90000)]
  0x0000000002e1c800 JavaThread "Finalizer" daemon [_thread_blocked, id=22544, stack(0x0000000026c90000,0x0000000026d90000)]
  0x0000000002e13000 JavaThread "Reference Handler" daemon [_thread_blocked, id=9812, stack(0x0000000026b90000,0x0000000026c90000)]
  0x0000000002d25000 JavaThread "Client thread" [_thread_blocked, id=11168, stack(0x0000000002c20000,0x0000000002d20000)]

Other Threads:
=>0x0000000025a06000 VMThread [stack: 0x0000000026a90000,0x0000000026b90000] [id=24764]

VM state:at safepoint (shutting down)

VM Mutex/Monitor currently owned by a thread:  ([mutex/lock_event])
[0x0000000002d21e30] Threads_lock - owner thread: 0x0000000025a06000

Heap:
 PSYoungGen      total 2201088K, used 57834K [0x0000000715580000, 0x00000007b3580000, 0x00000007c0000000)
  eden space 2167808K, 2% used [0x0000000715580000,0x0000000718dfaaa8,0x0000000799a80000)
  from space 33280K, 0% used [0x0000000799a80000,0x0000000799a80000,0x000000079bb00000)
  to   space 210432K, 0% used [0x00000007a6800000,0x00000007a6800000,0x00000007b3580000)
 ParOldGen       total 1247744K, used 833196K [0x00000005c0000000, 0x000000060c280000, 0x0000000715580000)
  object space 1247744K, 66% used [0x00000005c0000000,0x00000005f2dab2b8,0x000000060c280000)
 Metaspace       used 100438K, capacity 102619K, committed 102936K, reserved 1136640K
  class space    used 14216K, capacity 14746K, committed 14872K, reserved 1048576K

Card table byte_map: [0x00000000121e0000,0x00000000131f0000] byte_map_base: 0x000000000f3e0000

Marking Bits: (ParMarkBitMap*) 0x000000005efc4040
 Begin Bits: [0x00000000140a0000, 0x000000001c0a0000)
 End Bits:   [0x000000001c0a0000, 0x00000000240a0000)

Polling page: 0x0000000000d00000

CodeCache: size=245760Kb used=62334Kb max_used=62334Kb free=183425Kb
 bounds [0x0000000002e20000, 0x0000000006b70000, 0x0000000011e20000]
 total_blobs=16685 nmethods=15495 adapters=1098
 compilation: enabled

Compilation events (10 events):
Event: 3323.151 Thread 0x0000000025a58800 23888       3       javax.management.ObjectName::construct (1228 bytes)
Event: 3323.167 Thread 0x0000000025a58800 nmethod 23888 0x0000000006b59390 code [0x0000000006b59b80, 0x0000000006b5f598]
Event: 3323.168 Thread 0x0000000025a58800 23891       3       org.apache.logging.log4j.core.config.AbstractConfiguration::getLoggerConfig (56 bytes)
Event: 3323.169 Thread 0x0000000025a58800 nmethod 23891 0x0000000005c6cb50 code [0x0000000005c6cd40, 0x0000000005c6d888]
Event: 3323.171 Thread 0x0000000025a58800 23890       3       org.apache.logging.log4j.core.Logger$PrivateConfig::<init> (56 bytes)
Event: 3323.171 Thread 0x0000000025a58800 nmethod 23890 0x0000000004d7e490 code [0x0000000004d7e640, 0x0000000004d7edf8]
Event: 3323.172 Thread 0x0000000025a58800 23889       3       java.util.concurrent.ConcurrentHashMap$ValueIterator::next (34 bytes)
Event: 3323.173 Thread 0x0000000025a58800 nmethod 23889 0x0000000006b431d0 code [0x0000000006b43340, 0x0000000006b43678]
Event: 3323.249 Thread 0x0000000025a58800 23892       3       java.util.concurrent.CopyOnWriteArrayList::size (6 bytes)
Event: 3323.249 Thread 0x0000000025a58800 nmethod 23892 0x00000000065a8110 code [0x00000000065a8260, 0x00000000065a8450]

GC Heap History (10 events):
Event: 2742.018 GC heap before
{Heap before GC invocations=38 (full 8):
 PSYoungGen      total 2021888K, used 1788886K [0x0000000715580000, 0x00000007aeb80000, 0x00000007c0000000)
  eden space 1784320K, 100% used [0x0000000715580000,0x0000000782400000,0x0000000782400000)
  from space 237568K, 1% used [0x0000000782400000,0x0000000782875ba8,0x0000000790c00000)
  to   space 237056K, 0% used [0x00000007a0400000,0x00000007a0400000,0x00000007aeb80000)
 ParOldGen       total 1247744K, used 837095K [0x00000005c0000000, 0x000000060c280000, 0x0000000715580000)
  object space 1247744K, 67% used [0x00000005c0000000,0x00000005f3179f60,0x000000060c280000)
 Metaspace       used 99753K, capacity 101957K, committed 102040K, reserved 1136640K
  class space    used 14154K, capacity 14691K, committed 14744K, reserved 1048576K
Event: 2742.041 GC heap after
Heap after GC invocations=38 (full 8):
 PSYoungGen      total 2192896K, used 6333K [0x0000000715580000, 0x00000007abf80000, 0x00000007c0000000)
  eden space 2000896K, 0% used [0x0000000715580000,0x0000000715580000,0x000000078f780000)
  from space 192000K, 3% used [0x00000007a0400000,0x00000007a0a2f7c8,0x00000007abf80000)
  to   space 233472K, 0% used [0x000000078f780000,0x000000078f780000,0x000000079db80000)
 ParOldGen       total 1247744K, used 837103K [0x00000005c0000000, 0x000000060c280000, 0x0000000715580000)
  object space 1247744K, 67% used [0x00000005c0000000,0x00000005f317bf60,0x000000060c280000)
 Metaspace       used 99753K, capacity 101957K, committed 102040K, reserved 1136640K
  class space    used 14154K, capacity 14691K, committed 14744K, reserved 1048576K
}
Event: 3016.917 GC heap before
{Heap before GC invocations=39 (full 8):
 PSYoungGen      total 2192896K, used 2007229K [0x0000000715580000, 0x00000007abf80000, 0x00000007c0000000)
  eden space 2000896K, 100% used [0x0000000715580000,0x000000078f780000,0x000000078f780000)
  from space 192000K, 3% used [0x00000007a0400000,0x00000007a0a2f7c8,0x00000007abf80000)
  to   space 233472K, 0% used [0x000000078f780000,0x000000078f780000,0x000000079db80000)
 ParOldGen       total 1247744K, used 837103K [0x00000005c0000000, 0x000000060c280000, 0x0000000715580000)
  object space 1247744K, 67% used [0x00000005c0000000,0x00000005f317bf60,0x000000060c280000)
 Metaspace       used 100181K, capacity 102373K, committed 102552K, reserved 1136640K
  class space    used 14194K, capacity 14735K, committed 14744K, reserved 1048576K
Event: 3016.950 GC heap after
Heap after GC invocations=39 (full 8):
 PSYoungGen      total 2234368K, used 7811K [0x0000000715580000, 0x00000007b7c00000, 0x00000007c0000000)
  eden space 2000896K, 0% used [0x0000000715580000,0x0000000715580000,0x000000078f780000)
  from space 233472K, 3% used [0x000000078f780000,0x000000078ff20d68,0x000000079db80000)
  to   space 228352K, 0% used [0x00000007a9d00000,0x00000007a9d00000,0x00000007b7c00000)
 ParOldGen       total 1247744K, used 837111K [0x00000005c0000000, 0x000000060c280000, 0x0000000715580000)
  object space 1247744K, 67% used [0x00000005c0000000,0x00000005f317df60,0x000000060c280000)
 Metaspace       used 100181K, capacity 102373K, committed 102552K, reserved 1136640K
  class space    used 14194K, capacity 14735K, committed 14744K, reserved 1048576K
}
Event: 3248.383 GC heap before
{Heap before GC invocations=40 (full 8):
 PSYoungGen      total 2234368K, used 2008707K [0x0000000715580000, 0x00000007b7c00000, 0x00000007c0000000)
  eden space 2000896K, 100% used [0x0000000715580000,0x000000078f780000,0x000000078f780000)
  from space 233472K, 3% used [0x000000078f780000,0x000000078ff20d68,0x000000079db80000)
  to   space 228352K, 0% used [0x00000007a9d00000,0x00000007a9d00000,0x00000007b7c00000)
 ParOldGen       total 1247744K, used 837111K [0x00000005c0000000, 0x000000060c280000, 0x0000000715580000)
  object space 1247744K, 67% used [0x00000005c0000000,0x00000005f317df60,0x000000060c280000)
 Metaspace       used 100306K, capacity 102511K, committed 102552K, reserved 1136640K
  class space    used 14203K, capacity 14736K, committed 14744K, reserved 1048576K
Event: 3248.409 GC heap after
Heap after GC invocations=40 (full 8):
 PSYoungGen      total 2347520K, used 7651K [0x0000000715580000, 0x00000007b4c80000, 0x00000007c0000000)
  eden space 2167808K, 0% used [0x0000000715580000,0x0000000715580000,0x0000000799a80000)
  from space 179712K, 4% used [0x00000007a9d00000,0x00000007aa478d68,0x00000007b4c80000)
  to   space 222208K, 0% used [0x0000000799a80000,0x0000000799a80000,0x00000007a7380000)
 ParOldGen       total 1247744K, used 837119K [0x00000005c0000000, 0x000000060c280000, 0x0000000715580000)
  object space 1247744K, 67% used [0x00000005c0000000,0x00000005f317ff60,0x000000060c280000)
 Metaspace       used 100306K, capacity 102511K, committed 102552K, reserved 1136640K
  class space    used 14203K, capacity 14736K, committed 14744K, reserved 1048576K
}
Event: 3292.295 GC heap before
{Heap before GC invocations=41 (full 8):
 PSYoungGen      total 2347520K, used 740185K [0x0000000715580000, 0x00000007b4c80000, 0x00000007c0000000)
  eden space 2167808K, 33% used [0x0000000715580000,0x00000007420dd850,0x0000000799a80000)
  from space 179712K, 4% used [0x00000007a9d00000,0x00000007aa478d68,0x00000007b4c80000)
  to   space 222208K, 0% used [0x0000000799a80000,0x0000000799a80000,0x00000007a7380000)
 ParOldGen       total 1247744K, used 837119K [0x00000005c0000000, 0x000000060c280000, 0x0000000715580000)
  object space 1247744K, 67% used [0x00000005c0000000,0x00000005f317ff60,0x000000060c280000)
 Metaspace       used 100420K, capacity 102619K, committed 102936K, reserved 1136640K
  class space    used 14215K, capacity 14746K, committed 14872K, reserved 1048576K
Event: 3292.336 GC heap after
Heap after GC invocations=41 (full 8):
 PSYoungGen      total 2201088K, used 33006K [0x0000000715580000, 0x00000007b3580000, 0x00000007c0000000)
  eden space 2167808K, 0% used [0x0000000715580000,0x0000000715580000,0x0000000799a80000)
  from space 33280K, 99% used [0x0000000799a80000,0x000000079babb850,0x000000079bb00000)
  to   space 210432K, 0% used [0x00000007a6800000,0x00000007a6800000,0x00000007b3580000)
 ParOldGen       total 1247744K, used 837127K [0x00000005c0000000, 0x000000060c280000, 0x0000000715580000)
  object space 1247744K, 67% used [0x00000005c0000000,0x00000005f3181f60,0x000000060c280000)
 Metaspace       used 100420K, capacity 102619K, committed 102936K, reserved 1136640K
  class space    used 14215K, capacity 14746K, committed 14872K, reserved 1048576K
}
Event: 3292.336 GC heap before
{Heap before GC invocations=42 (full 9):
 PSYoungGen      total 2201088K, used 33006K [0x0000000715580000, 0x00000007b3580000, 0x00000007c0000000)
  eden space 2167808K, 0% used [0x0000000715580000,0x0000000715580000,0x0000000799a80000)
  from space 33280K, 99% used [0x0000000799a80000,0x000000079babb850,0x000000079bb00000)
  to   space 210432K, 0% used [0x00000007a6800000,0x00000007a6800000,0x00000007b3580000)
 ParOldGen       total 1247744K, used 837127K [0x00000005c0000000, 0x000000060c280000, 0x0000000715580000)
  object space 1247744K, 67% used [0x00000005c0000000,0x00000005f3181f60,0x000000060c280000)
 Metaspace       used 100420K, capacity 102619K, committed 102936K, reserved 1136640K
  class space    used 14215K, capacity 14746K, committed 14872K, reserved 1048576K
Event: 3295.421 GC heap after
Heap after GC invocations=42 (full 9):
 PSYoungGen      total 2201088K, used 0K [0x0000000715580000, 0x00000007b3580000, 0x00000007c0000000)
  eden space 2167808K, 0% used [0x0000000715580000,0x0000000715580000,0x0000000799a80000)
  from space 33280K, 0% used [0x0000000799a80000,0x0000000799a80000,0x000000079bb00000)
  to   space 210432K, 0% used [0x00000007a6800000,0x00000007a6800000,0x00000007b3580000)
 ParOldGen       total 1247744K, used 833196K [0x00000005c0000000, 0x000000060c280000, 0x0000000715580000)
  object space 1247744K, 66% used [0x00000005c0000000,0x00000005f2dab2b8,0x000000060c280000)
 Metaspace       used 100420K, capacity 102619K, committed 102936K, reserved 1136640K
  class space    used 14215K, capacity 14746K, committed 14872K, reserved 1048576K
}

Deoptimization events (10 events):
Event: 3323.148 Thread 0x0000000042f52800 Uncommon trap: reason=speculate_class_check action=maybe_recompile pc=0x000000000542b340 method=java.util.concurrent.locks.ReentrantReadWriteLock$Sync.tryAcquire(I)Z @ 66
Event: 3323.148 Thread 0x0000000042f52800 Uncommon trap: reason=array_check action=maybe_recompile pc=0x0000000004fe4f24 method=java.util.ComparableTimSort.binarySort([Ljava/lang/Object;III)V @ 193
Event: 3323.149 Thread 0x0000000042f52800 Uncommon trap: reason=speculate_class_check action=maybe_recompile pc=0x000000000542b340 method=java.util.concurrent.locks.ReentrantReadWriteLock$Sync.tryAcquire(I)Z @ 66
Event: 3323.149 Thread 0x0000000042f52800 Uncommon trap: reason=array_check action=maybe_recompile pc=0x0000000004fe4f24 method=java.util.ComparableTimSort.binarySort([Ljava/lang/Object;III)V @ 193
Event: 3323.150 Thread 0x0000000042f52800 Uncommon trap: reason=array_check action=maybe_recompile pc=0x0000000004fe4f24 method=java.util.ComparableTimSort.binarySort([Ljava/lang/Object;III)V @ 193
Event: 3323.150 Thread 0x0000000042f52800 Uncommon trap: reason=class_check action=maybe_recompile pc=0x0000000004b0e548 method=org.apache.logging.log4j.spi.AbstractLogger.logIfEnabled(Ljava/lang/String;Lorg/apache/logging/log4j/Level;Lorg/apache/logging/log4j/Marker;Ljava/lang/String;Ljava/lang/O¯ÈzÆLö©@
Event: 3323.150 Thread 0x0000000042f52800 Uncommon trap: reason=class_check action=maybe_recompile pc=0x0000000004b0e548 method=org.apache.logging.log4j.spi.AbstractLogger.logIfEnabled(Ljava/lang/String;Lorg/apache/logging/log4j/Level;Lorg/apache/logging/log4j/Marker;Ljava/lang/String;Ljava/lang/O3€UÎLö©@
Event: 3323.150 Thread 0x0000000042f52800 Uncommon trap: reason=array_check action=maybe_recompile pc=0x0000000004fe4f24 method=java.util.ComparableTimSort.binarySort([Ljava/lang/Object;III)V @ 193
Event: 3323.150 Thread 0x0000000042f52800 Uncommon trap: reason=class_check action=maybe_recompile pc=0x0000000004b0e548 method=org.apache.logging.log4j.spi.AbstractLogger.logIfEnabled(Ljava/lang/String;Lorg/apache/logging/log4j/Level;Lorg/apache/logging/log4j/Marker;Ljava/lang/String;Ljava/lang/O}ÅÚûLö©@
Event: 3323.150 Thread 0x0000000042f52800 Uncommon trap: reason=class_check action=maybe_recompile pc=0x0000000004b0e548 method=org.apache.logging.log4j.spi.AbstractLogger.logIfEnabled(Ljava/lang/String;Lorg/apache/logging/log4j/Level;Lorg/apache/logging/log4j/Marker;Ljava/lang/String;Ljava/lang/O

Internal exceptions (10 events):
Event: 3290.129 Thread 0x0000000028330800 Exception <a 'java/lang/InterruptedException': sleep interrupted> (0x00000007240bc268) thrown at [C:\re\workspace\8-2-build-windows-amd64-cygwin\jdk8u51\3951\hotspot\src\share\vm\prims\jvm.cpp, line 3211]
Event: 3290.173 Thread 0x0000000028330800 Exception <a 'java/lang/InterruptedException': sleep interrupted> (0x00000007240bc468) thrown at [C:\re\workspace\8-2-build-windows-amd64-cygwin\jdk8u51\3951\hotspot\src\share\vm\prims\jvm.cpp, line 3211]
Event: 3290.234 Thread 0x000000002b25d800 Implicit null exception at 0x0000000004578ae7 to 0x0000000004578e55
Event: 3292.164 Thread 0x000000002b262000 Implicit null exception at 0x0000000005a47d38 to 0x0000000005a4852f
Event: 3292.191 Thread 0x0000000028330800 Exception <a 'java/lang/InterruptedException': sleep interrupted> (0x00000007240bd240) thrown at [C:\re\workspace\8-2-build-windows-amd64-cygwin\jdk8u51\3951\hotspot\src\share\vm\prims\jvm.cpp, line 3211]
Event: 3295.425 Thread 0x0000000002d25000 Exception <a 'java/io/IOException'> (0x000000071560c310) thrown at [C:\re\workspace\8-2-build-windows-amd64-cygwin\jdk8u51\3951\hotspot\src\share\vm\prims\jni.cpp, line 709]
Event: 3295.426 Thread 0x0000000002d25000 Exception <a 'java/io/IOException'> (0x000000071561a7d0) thrown at [C:\re\workspace\8-2-build-windows-amd64-cygwin\jdk8u51\3951\hotspot\src\share\vm\prims\jni.cpp, line 709]
Event: 3322.522 Thread 0x0000000002d25000 Implicit null exception at 0x00000000062c3a73 to 0x00000000062c3a8e
Event: 3322.522 Thread 0x0000000028330800 Exception <a 'java/lang/InterruptedException': sleep interrupted> (0x0000000716aebc30) thrown at [C:\re\workspace\8-2-build-windows-amd64-cygwin\jdk8u51\3951\hotspot\src\share\vm\prims\jvm.cpp, line 3211]
Event: 3322.623 Thread 0x000000002832c800 Exception <a 'java/lang/InterruptedException': sleep interrupted> (0x0000000716b93520) thrown at [C:\re\workspace\8-2-build-windows-amd64-cygwin\jdk8u51\3951\hotspot\src\share\vm\prims\jvm.cpp, line 3211]

Events (10 events):
Event: 3323.150 Thread 0x0000000042f52800 Uncommon trap: trap_request=0xffffffde fr.pc=0x0000000004b0e548
Event: 3323.150 Thread 0x0000000042f52800 DEOPT PACKING pc=0x0000000004b0e548 sp=0x000000006c54f260
Event: 3323.150 Thread 0x0000000042f52800 DEOPT UNPACKING pc=0x0000000002e6582a sp=0x000000006c54f238 mode 2
Event: 3323.152 Executing VM operation: RevokeBias
Event: 3323.162 Executing VM operation: RevokeBias done
Event: 3323.167 Thread 0x0000000025a58800 flushing nmethod 0x0000000003308710
Event: 3323.170 Thread 0x0000000025a58800 flushing nmethod 0x0000000003759690
Event: 3323.227 Thread 0x0000000042f4f800 Thread exited: 0x0000000042f4f800
Event: 3323.249 Thread 0x0000000042f52800 Thread exited: 0x0000000042f52800
Event: 3323.291 Executing VM operation: Exit


Dynamic libraries:
0x00007ff789100000 - 0x00007ff789137000 	C:\Users\Public\Downloads\Minecraft\Install\runtime\jre-x64\1.8.0_51\bin\javaw.exe
0x00007ff814430000 - 0x00007ff814611000 	C:\WINDOWS\SYSTEM32\ntdll.dll
0x00007ff813e60000 - 0x00007ff813f12000 	C:\WINDOWS\System32\KERNEL32.DLL
0x00007ff811640000 - 0x00007ff8118b3000 	C:\WINDOWS\System32\KERNELBASE.dll
0x00007ff813f20000 - 0x00007ff813fc1000 	C:\WINDOWS\System32\ADVAPI32.dll
0x00007ff813180000 - 0x00007ff81321e000 	C:\WINDOWS\System32\msvcrt.dll
0x00007ff811a50000 - 0x00007ff811aab000 	C:\WINDOWS\System32\sechost.dll
0x00007ff8135b0000 - 0x00007ff8136d4000 	C:\WINDOWS\System32\RPCRT4.dll
0x00007ff8118c0000 - 0x00007ff811a50000 	C:\WINDOWS\System32\USER32.dll
0x00007ff810950000 - 0x00007ff810970000 	C:\WINDOWS\System32\win32u.dll
0x00007ff814370000 - 0x00007ff814398000 	C:\WINDOWS\System32\GDI32.dll
0x00007ff811450000 - 0x00007ff8115e2000 	C:\WINDOWS\System32\gdi32full.dll
0x00007ff810800000 - 0x00007ff81089f000 	C:\WINDOWS\System32\msvcp_win.dll
0x00007ff810be0000 - 0x00007ff810cda000 	C:\WINDOWS\System32\ucrtbase.dll
0x00007ff803320000 - 0x00007ff803589000 	C:\WINDOWS\WinSxS\amd64_microsoft.windows.common-controls_6595b64144ccf1df_6.0.17134.345_none_fb429a5930656358\COMCTL32.dll
0x00007ff813fd0000 - 0x00007ff8142f3000 	C:\WINDOWS\System32\combase.dll
0x00007ff810970000 - 0x00007ff8109ea000 	C:\WINDOWS\System32\bcryptPrimitives.dll
0x00007ff813130000 - 0x00007ff81315d000 	C:\WINDOWS\System32\IMM32.DLL
0x000000005f050000 - 0x000000005f122000 	C:\Users\Public\Downloads\Minecraft\Install\runtime\jre-x64\1.8.0_51\bin\msvcr100.dll
0x000000005e7c0000 - 0x000000005f043000 	C:\Users\Public\Downloads\Minecraft\Install\runtime\jre-x64\1.8.0_51\bin\server\jvm.dll
0x00007ff8134e0000 - 0x00007ff8134e8000 	C:\WINDOWS\System32\PSAPI.DLL
0x00007ff808e50000 - 0x00007ff808e5a000 	C:\WINDOWS\SYSTEM32\VERSION.dll
0x00007ff80e4e0000 - 0x00007ff80e503000 	C:\WINDOWS\SYSTEM32\WINMM.dll
0x00007ff80dca0000 - 0x00007ff80dca9000 	C:\WINDOWS\SYSTEM32\WSOCK32.dll
0x00007ff814300000 - 0x00007ff81436c000 	C:\WINDOWS\System32\WS2_32.dll
0x00007ff80e200000 - 0x00007ff80e22a000 	C:\WINDOWS\SYSTEM32\WINMMBASE.dll
0x00007ff8115f0000 - 0x00007ff811639000 	C:\WINDOWS\System32\cfgmgr32.dll
0x000000005ffc0000 - 0x000000005ffcf000 	C:\Users\Public\Downloads\Minecraft\Install\runtime\jre-x64\1.8.0_51\bin\verify.dll
0x000000005e790000 - 0x000000005e7b9000 	C:\Users\Public\Downloads\Minecraft\Install\runtime\jre-x64\1.8.0_51\bin\java.dll
0x000000005e770000 - 0x000000005e786000 	C:\Users\Public\Downloads\Minecraft\Install\runtime\jre-x64\1.8.0_51\bin\zip.dll
0x00007ff811cf0000 - 0x00007ff81312f000 	C:\WINDOWS\System32\SHELL32.dll
0x00007ff813220000 - 0x00007ff8132c9000 	C:\WINDOWS\System32\shcore.dll
0x00007ff810d40000 - 0x00007ff81144d000 	C:\WINDOWS\System32\windows.storage.dll
0x00007ff8134f0000 - 0x00007ff813541000 	C:\WINDOWS\System32\shlwapi.dll
0x00007ff8107e0000 - 0x00007ff8107f1000 	C:\WINDOWS\System32\kernel.appcore.dll
0x00007ff810750000 - 0x00007ff81076f000 	C:\WINDOWS\System32\profapi.dll
0x00007ff810790000 - 0x00007ff8107dc000 	C:\WINDOWS\System32\powrprof.dll
0x00007ff810740000 - 0x00007ff81074a000 	C:\WINDOWS\System32\FLTLIB.DLL
0x000000005e760000 - 0x000000005e76d000 	C:\Users\Public\Downloads\Minecraft\Install\runtime\jre-x64\1.8.0_51\bin\management.dll
0x000000005e740000 - 0x000000005e75a000 	C:\Users\Public\Downloads\Minecraft\Install\runtime\jre-x64\1.8.0_51\bin\net.dll
0x00007ff80ff60000 - 0x00007ff80ffc6000 	C:\WINDOWS\system32\mswsock.dll
0x00007ffff7350000 - 0x00007ffff7366000 	C:\WINDOWS\system32\napinsp.dll
0x00007fffe9f40000 - 0x00007fffe9f5a000 	C:\WINDOWS\system32\pnrpnsp.dll
0x00007ff80bba0000 - 0x00007ff80bbb9000 	C:\WINDOWS\system32\NLAapi.dll
0x00007ff80fd30000 - 0x00007ff80fdee000 	C:\WINDOWS\SYSTEM32\DNSAPI.dll
0x00007ff813430000 - 0x00007ff813438000 	C:\WINDOWS\System32\NSI.dll
0x00007ff80fce0000 - 0x00007ff80fd18000 	C:\WINDOWS\SYSTEM32\IPHLPAPI.DLL
0x00007ff80ce80000 - 0x00007ff80ce8e000 	C:\WINDOWS\System32\winrnr.dll
0x00007ff80a950000 - 0x00007ff80a95a000 	C:\Windows\System32\rasadhlp.dll
0x00007ff80ab80000 - 0x00007ff80abf2000 	C:\WINDOWS\System32\fwpuclnt.dll
0x00007ff810240000 - 0x00007ff810265000 	C:\WINDOWS\SYSTEM32\bcrypt.dll
0x000000005e720000 - 0x000000005e731000 	C:\Users\Public\Downloads\Minecraft\Install\runtime\jre-x64\1.8.0_51\bin\nio.dll
0x000000005e700000 - 0x000000005e717000 	C:\Users\Public\Downloads\Minecraft\Install\runtime\jre-x64\1.8.0_51\bin\unpack.dll
0x0000000180000000 - 0x0000000180053000 	C:\Users\Svenl_0xatfo7\AppData\Local\Temp\6788-fbcf-517a-4185\lwjgl64.dll
0x00007ffff0ae0000 - 0x00007ffff0c00000 	C:\WINDOWS\SYSTEM32\OPENGL32.dll
0x00007fffff9d0000 - 0x00007fffff9fc000 	C:\WINDOWS\SYSTEM32\GLU32.dll
0x00007ff810120000 - 0x00007ff810137000 	C:\WINDOWS\SYSTEM32\CRYPTSP.dll
0x00007ff80fb40000 - 0x00007ff80fb73000 	C:\WINDOWS\system32\rsaenh.dll
0x00007ff810670000 - 0x00007ff810698000 	C:\WINDOWS\SYSTEM32\USERENV.dll
0x00007ff810110000 - 0x00007ff81011b000 	C:\WINDOWS\SYSTEM32\CRYPTBASE.dll
0x00007ff80ba50000 - 0x00007ff80ba66000 	C:\WINDOWS\SYSTEM32\dhcpcsvc6.DLL
0x00007ff80ba30000 - 0x00007ff80ba4a000 	C:\WINDOWS\SYSTEM32\dhcpcsvc.DLL
0x000000005e560000 - 0x000000005e6f8000 	C:\Users\Public\Downloads\Minecraft\Install\runtime\jre-x64\1.8.0_51\bin\awt.dll
0x00007ff811ab0000 - 0x00007ff811b72000 	C:\WINDOWS\System32\OLEAUT32.dll
0x00007ff80e830000 - 0x00007ff80e8bb000 	C:\WINDOWS\SYSTEM32\apphelp.dll
0x00007ff80ea80000 - 0x00007ff80eb18000 	C:\WINDOWS\system32\uxtheme.dll
0x00007ff813ce0000 - 0x00007ff813e54000 	C:\WINDOWS\System32\MSCTF.dll
0x00007ff80ee40000 - 0x00007ff80ee69000 	C:\WINDOWS\system32\dwmapi.dll
0x00007ff806fc0000 - 0x00007ff806fd8000 	C:\WINDOWS\SYSTEM32\atig6pxx.dll
0x000000005c760000 - 0x000000005e560000 	C:\WINDOWS\SYSTEM32\atio6axx.dll
0x00007ff8136e0000 - 0x00007ff813b2b000 	C:\WINDOWS\System32\SETUPAPI.dll
0x00007ffff0890000 - 0x00007ffff09d1000 	C:\WINDOWS\SYSTEM32\atiadlxx.dll
0x00007ff8132d0000 - 0x00007ff813421000 	C:\WINDOWS\System32\ole32.dll
0x00007ff80f280000 - 0x00007ff80f434000 	C:\WINDOWS\SYSTEM32\PROPSYS.dll
0x00007ff80cd50000 - 0x00007ff80cd63000 	C:\WINDOWS\SYSTEM32\WTSAPI32.dll
0x00007ff8104f0000 - 0x00007ff810517000 	C:\WINDOWS\SYSTEM32\DEVOBJ.dll
0x00007ff810ce0000 - 0x00007ff810d37000 	C:\WINDOWS\System32\WINTRUST.dll
0x00007ff810770000 - 0x00007ff810782000 	C:\WINDOWS\System32\MSASN1.dll
0x00007ff8109f0000 - 0x00007ff810bd2000 	C:\WINDOWS\System32\CRYPT32.dll
0x00007ffffec30000 - 0x00007ffffec5c000 	C:\WINDOWS\SYSTEM32\atig6txx.dll
0x00007ffffefb0000 - 0x00007fffff058000 	C:\WINDOWS\SYSTEM32\mscms.dll
0x00007ff80d000000 - 0x00007ff80d010000 	C:\WINDOWS\SYSTEM32\ColorAdapterClient.dll
0x00007ffff0a90000 - 0x00007ffff0ad3000 	C:\WINDOWS\SYSTEM32\icm32.dll
0x00007ff80f4c0000 - 0x00007ff80f57b000 	C:\WINDOWS\SYSTEM32\dxgi.dll
0x00007ff80d970000 - 0x00007ff80dc7b000 	C:\WINDOWS\SYSTEM32\d3d11.dll
0x00007ffff0720000 - 0x00007ffff0762000 	C:\Users\Svenl_0xatfo7\AppData\Local\Temp\jna-1829947508\jna1359854372007643736.dll
0x00007ff802180000 - 0x00007ff802217000 	C:\WINDOWS\System32\TextInputFramework.dll
0x00007ff808760000 - 0x00007ff808a7e000 	C:\WINDOWS\System32\CoreUIComponents.dll
0x00007ff80e610000 - 0x00007ff80e6ea000 	C:\WINDOWS\System32\CoreMessaging.dll
0x00007ff80f7d0000 - 0x00007ff80f801000 	C:\WINDOWS\SYSTEM32\ntmarta.dll
0x00007ff80a9f0000 - 0x00007ff80ab3d000 	C:\WINDOWS\SYSTEM32\wintypes.dll
0x000000005c730000 - 0x000000005c754000 	C:\Users\Public\Downloads\Minecraft\Install\runtime\jre-x64\1.8.0_51\bin\sunec.dll
0x0000000001010000 - 0x0000000001074000 	C:\Users\SVENL_~1\AppData\Local\Temp\6788-fbcf-517a-4185\OpenAL64.dll
0x00007ff813440000 - 0x00007ff8134e0000 	C:\WINDOWS\System32\clbcatq.dll
0x00007ff80c2a0000 - 0x00007ff80c316000 	C:\WINDOWS\System32\MMDevApi.dll
0x00007fffed0b0000 - 0x00007fffed13f000 	C:\WINDOWS\SYSTEM32\dsound.dll
0x00007fffe2430000 - 0x00007fffe255c000 	C:\WINDOWS\SYSTEM32\AUDIOSES.DLL
0x00007ff8024b0000 - 0x00007ff8024ba000 	C:\WINDOWS\SYSTEM32\AVRT.dll
0x00007ffff9810000 - 0x00007ffff982a000 	C:\Users\SVENL_~1\AppData\Local\Temp\6788-fbcf-517a-4185\SAPIWrapper_x64.dll
0x00007ffffec60000 - 0x00007ffffeca4000 	C:\WINDOWS\SYSTEM32\edputil.dll
0x00007fffff160000 - 0x00007fffff1e8000 	C:\Windows\System32\appresolver.dll
0x00007ff808d40000 - 0x00007ff808d90000 	C:\Windows\System32\Bcp47Langs.dll
0x00007ff80f7a0000 - 0x00007ff80f7c7000 	C:\Windows\System32\SLC.dll
0x00007ff80f6e0000 - 0x00007ff80f705000 	C:\Windows\System32\sppc.dll
0x00007ffffb490000 - 0x00007ffffb9ec000 	C:\Windows\System32\StartTileData.dll
0x00007ff80d230000 - 0x00007ff80d7f7000 	C:\Windows\System32\d2d1.dll
0x00007ff810640000 - 0x00007ff810670000 	C:\Windows\System32\SspiCli.dll
0x00007ff80b4c0000 - 0x00007ff80b4d5000 	C:\WINDOWS\SYSTEM32\usermgrcli.dll
0x00007ff809a50000 - 0x00007ff809a97000 	C:\Windows\System32\usermgrproxy.dll
0x00007ff80c9d0000 - 0x00007ff80ca4f000 	C:\WINDOWS\SYSTEM32\policymanager.dll
0x00007ff80cd70000 - 0x00007ff80ce01000 	C:\Windows\System32\msvcp110_win.dll
0x00007ffffae80000 - 0x00007ffffaf5a000 	C:\WINDOWS\system32\ntshrui.dll
0x00007ff802330000 - 0x00007ff802356000 	C:\WINDOWS\system32\srvcli.dll
0x00007ffff9a50000 - 0x00007ffff9a62000 	C:\WINDOWS\SYSTEM32\cscapi.dll
0x00007ff80fd20000 - 0x00007ff80fd2e000 	C:\WINDOWS\system32\netutils.dll
0x00007ff80e170000 - 0x00007ff80e197000 	C:\WINDOWS\System32\shacct.dll
0x00007ff80d860000 - 0x00007ff80d887000 	C:\WINDOWS\System32\IDStore.dll
0x00007ff80b310000 - 0x00007ff80b333000 	C:\WINDOWS\System32\SAMLIB.dll
0x00007ffff8dc0000 - 0x00007ffff8e68000 	C:\WINDOWS\System32\wlidprov.dll
0x00007ff80adc0000 - 0x00007ff80add8000 	C:\WINDOWS\System32\samcli.dll
0x00007ff813160000 - 0x00007ff81317d000 	C:\WINDOWS\System32\imagehlp.dll
0x00007ffff27a0000 - 0x00007ffff2815000 	C:\WINDOWS\System32\provsvc.dll
0x00007ff80f250000 - 0x00007ff80f272000 	C:\WINDOWS\SYSTEM32\gpapi.dll
0x00007ff808ee0000 - 0x00007ff80913d000 	C:\Windows\System32\msxml6.dll
0x00007ff803860000 - 0x00007ff803a0e000 	C:\WINDOWS\SYSTEM32\WindowsCodecs.dll
0x00007ffffb2a0000 - 0x00007ffffb2fc000 	C:\Windows\System32\thumbcache.dll
0x00007ffffb3e0000 - 0x00007ffffb48b000 	C:\WINDOWS\System32\StructuredQuery.dll
0x00007ffffde10000 - 0x00007ffffde55000 	C:\WINDOWS\System32\MSWB7.dll

VM Arguments:
jvm_args: -Dos.name=Windows 10 -Dos.version=10.0 -XX:HeapDumpPath=MojangTricksIntelDriversForPerformance_javaw.exe_minecraft.exe.heapdump -Djava.library.path=C:\Users\SVENL_~1\AppData\Local\Temp\6788-fbcf-517a-4185 -Dminecraft.launcher.brand=minecraft-launcher -Dminecraft.launcher.version=2.1.1462 -Dminecraft.client.jar=C:\Users\Public\Downloads\Minecraft\Install\versions\1.12.2\1.12.2.jar -Xmx8192m -Xms256m -XX:PermSize=256m -Dminecraft.applet.TargetDirectory=C:\Users\Public\Downloads\Minecraft\Instances\SlenderPack Demo -Dfml.ignorePatchDiscrepancies=true -Dfml.ignoreInvalidMinecraftCertificates=true -Duser.language=en -Duser.country=US -Dlog4j.configurationFile=C:/Users\Public\Downloads\Minecraft\Install\assets\log_configs\client-1.12.xml 
java_command: net.minecraft.launchwrapper.Launch --username BlackDemonFire --version forge-14.23.4.2762 --gameDir C:\Users\Public\Downloads\Minecraft\Instances\SlenderPack Demo\ --assetsDir C:/Users\Public\Downloads\Minecraft\Install/assets --assetIndex 1.12 --uuid 34eedddc1c094cd8890a0b34a556d716 --accessToken 7fe71c8318af482f9bb27c4ad005b771 --userType mojang --tweakClass net.minecraftforge.fml.common.launcher.FMLTweaker --versionType Forge --width 1024 --height 768
java_class_path (initial): C:\Users\Public\Downloads\Minecraft\Install\libraries\net\minecraftforge\forge\1.12.2-14.23.4.2762\forge-1.12.2-14.23.4.2762.jar;C:\Users\Public\Downloads\Minecraft\Install\libraries\net\minecraft\launchwrapper\1.12\launchwrapper-1.12.jar;C:\Users\Public\Downloads\Minecraft\Install\libraries\org\ow2\asm\asm-all\5.2\asm-all-5.2.jar;C:\Users\Public\Downloads\Minecraft\Install\libraries\org\jline\jline\3.5.1\jline-3.5.1.jar;C:\Users\Public\Downloads\Minecraft\Install\libraries\net\java\dev\jna\jna\4.4.0\jna-4.4.0.jar;C:\Users\Public\Downloads\Minecraft\Install\libraries\com\typesafe\akka\akka-actor_2.11\2.3.3\akka-actor_2.11-2.3.3.jar;C:\Users\Public\Downloads\Minecraft\Install\libraries\com\typesafe\config\1.2.1\config-1.2.1.jar;C:\Users\Public\Downloads\Minecraft\Install\libraries\org\scala-lang\scala-actors-migration_2.11\1.1.0\scala-actors-migration_2.11-1.1.0.jar;C:\Users\Public\Downloads\Minecraft\Install\libraries\org\scala-lang\scala-compiler\2.11.1\scala-compiler-2.11.1.jar;C:\Users\Public\Downloads\Minecraft\Install\libraries\org\scala-lang\plugins\scala-continuations-library_2.11\1.0.2\scala-continuations-library_2.11-1.0.2.jar;C:\Users\Public\Downloads\Minecraft\Install\libraries\org\scala-lang\plugins\scala-continuations-plugin_2.11.1\1.0.2\scala-continuations-plugin_2.11.1-1.0.2.jar;C:\Users\Public\Downloads\Minecraft\Install\libraries\org\scala-lang\scala-library\2.11.1\scala-library-2.11.1.jar;C:\Users\Public\Downloads\Minecraft\Install\libraries\org\scala-lang\scala-parser-combinators_2.11\1.0.1\scala-parser-combinators_2.11-1.0.1.jar;C:\Users\Public\Downloads\Minecraft\Install\libraries\org\scala-lang\scala-reflect\2.11.1\scala-reflect-2.11.1.jar;C:\Users\Public\Downloads\Minecraft\Install\libraries\org\scala-lang\scala-swing_2.11\1.0.1\scala-swing_2.11-1.0.1.jar;C:\Users\Public\Downloads\Minecraft\Install\libraries\org\scala-lang\scala-xml_2.11\1.0.2\scala-xml_2.11-1.0.2.jar;C:\Users\Public\Downloads\Minecraft\Install\lib
Launcher Type: SUN_STANDARD

Environment Variables:
USERNAME=Svenl_0xatfo7
OS=Windows_NT
PROCESSOR_IDENTIFIER=Intel64 Family 6 Model 42 Stepping 7, GenuineIntel



---------------  S Y S T E M  ---------------

OS: Windows 10.0 , 64 bit Build 17134 (10.0.17134.1)

CPU:total 4 (2 cores per cpu, 2 threads per core) family 6 model 42 stepping 7, cmov, cx8, fxsr, mmx, sse, sse2, sse3, ssse3, sse4.1, sse4.2, popcnt, avx, clmul, ht, tsc, tscinvbit

Memory: 4k page, physical 8369804k(989844k free), swap 24098444k(11019700k free)

vm_info: Java HotSpot(TM) 64-Bit Server VM (25.51-b03) for windows-amd64 JRE (1.8.0_51-b16), built on Jun  8 2015 18:03:07 by "java_re" with MS VC++ 10.0 (VS2010)

time: Thu Nov 01 19:51:27 2018
elapsed time: 3330 seconds (0d 0h 55m 30s)

