#
# A fatal error has been detected by the Java Runtime Environment:
#
#  Internal Error (0xc000000d), pid=12376, tid=8096
#
# JRE version: Java(TM) SE Runtime Environment (8.0_51-b16) (build 1.8.0_51-b16)
# Java VM: Java HotSpot(TM) 64-Bit Server VM (25.51-b03 mixed mode windows-amd64 compressed oops)
# Problematic frame:
# C  [ntdll.dll+0x108b20]
#
# Failed to write core dump. Minidumps are not enabled by default on client versions of Windows
#
# If you would like to submit a bug report, please visit:
#   http://bugreport.java.com/bugreport/crash.jsp
#

---------------  T H R E A D  ---------------

Current thread (0x000000001c736000):  VMThread [stack: 0x000000001d7c0000,0x000000001d8c0000] [id=8096]

siginfo: ExceptionCode=0xc000000d

Registers:
RAX=0x0000000000000000, RBX=0xfffffffffffffffe, RCX=0x000016503b05035f, RDX=0x0000000000000000
RSP=0x000000001d8bea20, RBP=0x00007ffb0e1f7408, RSI=0x0000000000000000, RDI=0x0000000000003eb0
R8 =0x000000001d8be610, R9 =0x000000001d8be541, R10=0x00007ffb1d7e74ac, R11=0x0000000000000000
R12=0x000000002df89570, R13=0x00007ffb0e6fe048, R14=0x000000002df89678, R15=0x000000001d8beb98
RIP=0x00007ffb1d8b8b20, EFLAGS=0x0000000000000202

Top of Stack: (sp=0x000000001d8bea20)
0x000000001d8bea20:   0000000000000057 fffffffffffffffe
0x000000001d8bea30:   0000000000000000 0000000000003eb0
0x000000001d8bea40:   00000000c000000d 0000000000000000
0x000000001d8bea50:   00007ffb1d8b8b20 0000000000000000
0x000000001d8bea60:   0000000000000000 0000000000000000
0x000000001d8bea70:   0000000000000000 0000000000000000
0x000000001d8bea80:   0000000000000000 0000000000000000
0x000000001d8bea90:   0000000000000000 0000000000000000
0x000000001d8beaa0:   0000000000000000 0000000000000000
0x000000001d8beab0:   0000000000000000 0000000000000000
0x000000001d8beac0:   0000000000000000 0000000000000000
0x000000001d8bead0:   0000000000000000 0000000000000000
0x000000001d8beae0:   000016503b050d6f 0000000000000000
0x000000001d8beaf0:   0000000000000120 00007ffb1d8672df
0x000000001d8beb00:   0000000000000002 0000000000000013
0x000000001d8beb10:   0000000000000000 0000000000000000 

Instructions: (pc=0x00007ffb1d8b8b20)
0x00007ffb1d8b8b00:   7f f9 ff c7 44 24 20 0d 00 00 c0 b9 57 00 00 00
0x00007ffb1d8b8b10:   e8 7b e5 f3 ff 90 48 8d 4c 24 20 e8 90 c4 ef ff
0x00007ffb1d8b8b20:   eb 00 48 8b 8c 24 c0 00 00 00 48 33 cc e8 fe 1a
0x00007ffb1d8b8b30:   f8 ff 48 81 c4 d8 00 00 00 c3 40 55 48 83 ec 20 


Register to memory mapping:

RAX=0x0000000000000000 is an unknown value
RBX=0xfffffffffffffffe is an unknown value
RCX=0x000016503b05035f is an unknown value
RDX=0x0000000000000000 is an unknown value
RSP=0x000000001d8bea20 is an unknown value
RBP=0x00007ffb0e1f7408 is an unknown value
RSI=0x0000000000000000 is an unknown value
RDI=0x0000000000003eb0 is an unknown value
R8 =0x000000001d8be610 is an unknown value
R9 =0x000000001d8be541 is an unknown value
R10=0x00007ffb1d7e74ac is an unknown value
R11=0x0000000000000000 is an unknown value
R12=0x000000002df89570 is an unknown value
R13=0x00007ffb0e6fe048 is an unknown value
R14=0x000000002df89678 is an unknown value
R15=0x000000001d8beb98 is an unknown value


Stack: [0x000000001d7c0000,0x000000001d8c0000],  sp=0x000000001d8bea20,  free space=1018k
Native frames: (J=compiled Java code, j=interpreted, Vv=VM code, C=native code)
C  [ntdll.dll+0x108b20]
C  [ntdll.dll+0xb72df]
C  [KERNEL32.DLL+0x1e36a]
C  [MSVCR110.dll+0x752d]
C  [MSVCR110.dll+0x73c6]
C  [MSVCR110.dll+0x14cca]
C  [MSVCR110.dll+0x13edc]
C  [MSVCR110.dll+0x239e]
C  [MSVCR110.dll+0xaf9e]
C  [MSVCP110.dll+0x397b9]
C  [logger.dll+0x1e95b]
C  [logger.dll+0x2019b]
C  [root-service-provider.dll+0x7c1a]
C  [root-service-provider.dll+0x7a95]
C  [root-service-provider.dll+0x18660]
C  [root-service-provider.dll+0x4fe2c]
C  [root-service-provider.dll+0x500ae]
C  [ntdll.dll+0x34053]
C  [ntdll.dll+0x40a05]
C  [ntdll.dll+0x408c8]
C  [KERNEL32.DLL+0x1b19a]
C  [msvcr100.dll+0x20ccd]
V  [jvm.dll+0x20f115]
V  [jvm.dll+0x247e47]
V  [jvm.dll+0x2470e6]
V  [jvm.dll+0x247581]
V  [jvm.dll+0x24779e]
V  [jvm.dll+0x29846a]
C  [msvcr100.dll+0x21d9f]
C  [msvcr100.dll+0x21e3b]
C  [KERNEL32.DLL+0x13034]
C  [ntdll.dll+0x71461]

VM_Operation (0x0000000002ebe910): Exit, mode: safepoint, requested by thread 0x0000000002fa5000


---------------  P R O C E S S  ---------------

Java Threads: ( => current thread )
  0x0000000035a7c800 JavaThread "AWT-Shutdown" [_thread_blocked, id=42568, stack(0x0000000061380000,0x0000000061480000)]
  0x000000003acf4000 JavaThread "Chunk I/O Executor Thread-1" daemon [_thread_blocked, id=4036, stack(0x000000005ee30000,0x000000005ef30000)]
  0x000000001f4f6800 JavaThread "Netty Server IO #3" daemon [_thread_blocked, id=31300, stack(0x000000005e730000,0x000000005e830000)]
  0x000000001f4ea800 JavaThread "Netty Local Client IO #1" daemon [_thread_blocked, id=14444, stack(0x000000005e630000,0x000000005e730000)]
  0x000000001f4ee800 JavaThread "Netty Server IO #2" daemon [_thread_blocked, id=24712, stack(0x000000005e530000,0x000000005e630000)]
  0x000000001f4eb800 JavaThread "Netty Server IO #1" daemon [_thread_blocked, id=17600, stack(0x0000000042e90000,0x0000000042f90000)]
  0x000000001f4ed000 JavaThread "Netty Local Client IO #0" daemon [_thread_blocked, id=10680, stack(0x0000000042d90000,0x0000000042e90000)]
  0x000000003acf2000 JavaThread "Netty Server IO #0" daemon [_thread_blocked, id=13820, stack(0x0000000042a90000,0x0000000042b90000)]
  0x000000003acf6800 JavaThread "File IO Thread" [_thread_blocked, id=12492, stack(0x0000000042990000,0x0000000042a90000)]
  0x000000003acf1000 JavaThread "Forestry Greenhouse" [_thread_blocked, id=24976, stack(0x0000000042890000,0x0000000042990000)]
  0x000000003acf2800 JavaThread "Forestry Greenhouse Client" [_thread_blocked, id=44128, stack(0x0000000040e90000,0x0000000040f90000)]
  0x000000003acf7000 JavaThread "Narrator" daemon [_thread_blocked, id=13860, stack(0x0000000040890000,0x0000000040990000)]
  0x0000000021acc800 JavaThread "LWJGL Timer" daemon [_thread_blocked, id=8140, stack(0x000000002bb30000,0x000000002bc30000)]
  0x000000001f839000 JavaThread "Java2D Disposer" daemon [_thread_blocked, id=30660, stack(0x00000000215a0000,0x00000000216a0000)]
  0x000000001ed85000 JavaThread "Timer hack thread" daemon [_thread_blocked, id=31564, stack(0x0000000021240000,0x0000000021340000)]
  0x000000001e044800 JavaThread "Snooper Timer" daemon [_thread_blocked, id=46884, stack(0x0000000020d40000,0x0000000020e40000)]
  0x000000001c7ce000 JavaThread "Service Thread" daemon [_thread_blocked, id=28760, stack(0x000000001e3c0000,0x000000001e4c0000)]
  0x000000001c779000 JavaThread "C1 CompilerThread2" daemon [_thread_blocked, id=34336, stack(0x000000001dec0000,0x000000001dfc0000)]
  0x000000001c775800 JavaThread "C2 CompilerThread1" daemon [_thread_blocked, id=33448, stack(0x000000001ddc0000,0x000000001dec0000)]
  0x000000001c770000 JavaThread "C2 CompilerThread0" daemon [_thread_blocked, id=4260, stack(0x000000001dcc0000,0x000000001ddc0000)]
  0x000000001c781800 JavaThread "Attach Listener" daemon [_thread_blocked, id=13228, stack(0x000000001dbc0000,0x000000001dcc0000)]
  0x000000001c780000 JavaThread "Signal Dispatcher" daemon [_thread_blocked, id=3604, stack(0x000000001dac0000,0x000000001dbc0000)]
  0x000000000309c000 JavaThread "Finalizer" daemon [_thread_blocked, id=39264, stack(0x000000001d9c0000,0x000000001dac0000)]
  0x0000000003093800 JavaThread "Reference Handler" daemon [_thread_blocked, id=712, stack(0x000000001d8c0000,0x000000001d9c0000)]
  0x0000000002fa5000 JavaThread "Client thread" [_thread_blocked, id=25736, stack(0x0000000002dc0000,0x0000000002ec0000)]

Other Threads:
=>0x000000001c736000 VMThread [stack: 0x000000001d7c0000,0x000000001d8c0000] [id=8096]

VM state:at safepoint (shutting down)

VM Mutex/Monitor currently owned by a thread:  ([mutex/lock_event])
[0x0000000002fa2330] Threads_lock - owner thread: 0x000000001c736000

Heap:
 PSYoungGen      total 503296K, used 13965K [0x000000076ab00000, 0x000000078af80000, 0x00000007c0000000)
  eden space 496128K, 2% used [0x000000076ab00000,0x000000076b8a3510,0x0000000788f80000)
  from space 7168K, 0% used [0x000000078a880000,0x000000078a880000,0x000000078af80000)
  to   space 13312K, 0% used [0x0000000789580000,0x0000000789580000,0x000000078a280000)
 ParOldGen       total 848896K, used 566365K [0x00000006c0000000, 0x00000006f3d00000, 0x000000076ab00000)
  object space 848896K, 66% used [0x00000006c0000000,0x00000006e2917688,0x00000006f3d00000)
 Metaspace       used 91822K, capacity 93511K, committed 93992K, reserved 1130496K
  class space    used 12285K, capacity 12707K, committed 12840K, reserved 1048576K

Card table byte_map: [0x0000000012460000,0x0000000012c70000] byte_map_base: 0x000000000ee60000

Marking Bits: (ParMarkBitMap*) 0x0000000073334040
 Begin Bits: [0x00000000135d0000, 0x00000000175d0000)
 End Bits:   [0x00000000175d0000, 0x000000001b5d0000)

Polling page: 0x00000000015f0000

CodeCache: size=245760Kb used=70356Kb max_used=71808Kb free=175403Kb
 bounds [0x00000000030a0000, 0x0000000007750000, 0x00000000120a0000]
 total_blobs=18075 nmethods=16927 adapters=1053
 compilation: enabled

Compilation events (10 events):
Event: 94970.156 Thread 0x000000001c779000 nmethod 26797 0x0000000007043150 code [0x0000000007043340, 0x0000000007043bf8]
Event: 94970.156 Thread 0x000000001c779000 26798       3       org.apache.logging.log4j.spi.CopyOnWriteSortedArrayThreadContextMap::putValue (51 bytes)
Event: 94970.157 Thread 0x000000001c779000 nmethod 26798 0x00000000072c1cd0 code [0x00000000072c1f20, 0x00000000072c2c68]
Event: 94970.161 Thread 0x000000001c770000 nmethod 26799 0x0000000006bd8a50 code [0x0000000006bd8ba0, 0x0000000006bd8fb8]
Event: 94972.965 Thread 0x000000001c775800 26800   !   4       sun.misc.Cleaner::clean (35 bytes)
Event: 94972.965 Thread 0x000000001c770000 26801  s    4       java.nio.Bits::unreserveMemory (58 bytes)
Event: 94972.967 Thread 0x000000001c770000 nmethod 26801 0x00000000072bd790 code [0x00000000072bd8e0, 0x00000000072bdbb8]
Event: 94972.967 Thread 0x000000001c770000 26802  s    4       sun.misc.Cleaner::remove (89 bytes)
Event: 94972.969 Thread 0x000000001c770000 nmethod 26802 0x0000000005dbfad0 code [0x0000000005dbfc20, 0x0000000005dbfff8]
Event: 94972.970 Thread 0x000000001c775800 nmethod 26800 0x0000000005c48390 code [0x0000000005c48520, 0x0000000005c48ca8]

GC Heap History (10 events):
Event: 94891.015 GC heap before
{Heap before GC invocations=776 (full 11):
 PSYoungGen      total 486400K, used 486084K [0x000000076ab00000, 0x000000078bb00000, 0x00000007c0000000)
  eden space 482304K, 100% used [0x000000076ab00000,0x0000000788200000,0x0000000788200000)
  from space 4096K, 92% used [0x000000078b700000,0x000000078bab12d8,0x000000078bb00000)
  to   space 9216K, 0% used [0x000000078a900000,0x000000078a900000,0x000000078b200000)
 ParOldGen       total 848896K, used 592096K [0x00000006c0000000, 0x00000006f3d00000, 0x000000076ab00000)
  object space 848896K, 69% used [0x00000006c0000000,0x00000006e42382e8,0x00000006f3d00000)
 Metaspace       used 91539K, capacity 93279K, committed 93736K, reserved 1130496K
  class space    used 12258K, capacity 12699K, committed 12840K, reserved 1048576K
Event: 94891.134 GC heap after
Heap after GC invocations=776 (full 11):
 PSYoungGen      total 491520K, used 4001K [0x000000076ab00000, 0x000000078b780000, 0x00000007c0000000)
  eden space 487424K, 0% used [0x000000076ab00000,0x000000076ab00000,0x0000000788700000)
  from space 4096K, 97% used [0x000000078a900000,0x000000078ace8628,0x000000078ad00000)
  to   space 8704K, 0% used [0x000000078af00000,0x000000078af00000,0x000000078b780000)
 ParOldGen       total 848896K, used 592096K [0x00000006c0000000, 0x00000006f3d00000, 0x000000076ab00000)
  object space 848896K, 69% used [0x00000006c0000000,0x00000006e42382e8,0x00000006f3d00000)
 Metaspace       used 91539K, capacity 93279K, committed 93736K, reserved 1130496K
  class space    used 12258K, capacity 12699K, committed 12840K, reserved 1048576K
}
Event: 94923.343 GC heap before
{Heap before GC invocations=777 (full 11):
 PSYoungGen      total 491520K, used 491425K [0x000000076ab00000, 0x000000078b780000, 0x00000007c0000000)
  eden space 487424K, 100% used [0x000000076ab00000,0x0000000788700000,0x0000000788700000)
  from space 4096K, 97% used [0x000000078a900000,0x000000078ace8628,0x000000078ad00000)
  to   space 8704K, 0% used [0x000000078af00000,0x000000078af00000,0x000000078b780000)
 ParOldGen       total 848896K, used 592096K [0x00000006c0000000, 0x00000006f3d00000, 0x000000076ab00000)
  object space 848896K, 69% used [0x00000006c0000000,0x00000006e42382e8,0x00000006f3d00000)
 Metaspace       used 91694K, capacity 93425K, committed 93736K, reserved 1130496K
  class space    used 12272K, capacity 12702K, committed 12840K, reserved 1048576K
Event: 94923.393 GC heap after
Heap after GC invocations=777 (full 11):
 PSYoungGen      total 496640K, used 4545K [0x000000076ab00000, 0x000000078b380000, 0x00000007c0000000)
  eden space 492032K, 0% used [0x000000076ab00000,0x000000076ab00000,0x0000000788b80000)
  from space 4608K, 98% used [0x000000078af00000,0x000000078b370628,0x000000078b380000)
  to   space 8192K, 0% used [0x000000078a380000,0x000000078a380000,0x000000078ab80000)
 ParOldGen       total 848896K, used 592112K [0x00000006c0000000, 0x00000006f3d00000, 0x000000076ab00000)
  object space 848896K, 69% used [0x00000006c0000000,0x00000006e423c2e8,0x00000006f3d00000)
 Metaspace       used 91694K, capacity 93425K, committed 93736K, reserved 1130496K
  class space    used 12272K, capacity 12702K, committed 12840K, reserved 1048576K
}
Event: 94967.236 GC heap before
{Heap before GC invocations=778 (full 11):
 PSYoungGen      total 496640K, used 496577K [0x000000076ab00000, 0x000000078b380000, 0x00000007c0000000)
  eden space 492032K, 100% used [0x000000076ab00000,0x0000000788b80000,0x0000000788b80000)
  from space 4608K, 98% used [0x000000078af00000,0x000000078b370628,0x000000078b380000)
  to   space 8192K, 0% used [0x000000078a380000,0x000000078a380000,0x000000078ab80000)
 ParOldGen       total 848896K, used 592112K [0x00000006c0000000, 0x00000006f3d00000, 0x000000076ab00000)
  object space 848896K, 69% used [0x00000006c0000000,0x00000006e423c2e8,0x00000006f3d00000)
 Metaspace       used 91763K, capacity 93505K, committed 93992K, reserved 1130496K
  class space    used 12284K, capacity 12706K, committed 12840K, reserved 1048576K
Event: 94967.339 GC heap after
Heap after GC invocations=778 (full 11):
 PSYoungGen      total 501248K, used 4909K [0x000000076ab00000, 0x000000078af80000, 0x00000007c0000000)
  eden space 496128K, 0% used [0x000000076ab00000,0x000000076ab00000,0x0000000788f80000)
  from space 5120K, 95% used [0x000000078a380000,0x000000078a84b798,0x000000078a880000)
  to   space 7168K, 0% used [0x000000078a880000,0x000000078a880000,0x000000078af80000)
 ParOldGen       total 848896K, used 592120K [0x00000006c0000000, 0x00000006f3d00000, 0x000000076ab00000)
  object space 848896K, 69% used [0x00000006c0000000,0x00000006e423e2e8,0x00000006f3d00000)
 Metaspace       used 91763K, capacity 93505K, committed 93992K, reserved 1130496K
  class space    used 12284K, capacity 12706K, committed 12840K, reserved 1048576K
}
Event: 94970.367 GC heap before
{Heap before GC invocations=779 (full 11):
 PSYoungGen      total 501248K, used 169636K [0x000000076ab00000, 0x000000078af80000, 0x00000007c0000000)
  eden space 496128K, 33% used [0x000000076ab00000,0x0000000774bddae0,0x0000000788f80000)
  from space 5120K, 95% used [0x000000078a380000,0x000000078a84b798,0x000000078a880000)
  to   space 7168K, 0% used [0x000000078a880000,0x000000078a880000,0x000000078af80000)
 ParOldGen       total 848896K, used 592120K [0x00000006c0000000, 0x00000006f3d00000, 0x000000076ab00000)
  object space 848896K, 69% used [0x00000006c0000000,0x00000006e423e2e8,0x00000006f3d00000)
 Metaspace       used 91815K, capacity 93511K, committed 93992K, reserved 1130496K
  class space    used 12284K, capacity 12707K, committed 12840K, reserved 1048576K
Event: 94970.429 GC heap after
Heap after GC invocations=779 (full 11):
 PSYoungGen      total 503296K, used 7160K [0x000000076ab00000, 0x000000078af80000, 0x00000007c0000000)
  eden space 496128K, 0% used [0x000000076ab00000,0x000000076ab00000,0x0000000788f80000)
  from space 7168K, 99% used [0x000000078a880000,0x000000078af7e1a8,0x000000078af80000)
  to   space 13312K, 0% used [0x0000000789580000,0x0000000789580000,0x000000078a280000)
 ParOldGen       total 848896K, used 604945K [0x00000006c0000000, 0x00000006f3d00000, 0x000000076ab00000)
  object space 848896K, 71% used [0x00000006c0000000,0x00000006e4ec47d0,0x00000006f3d00000)
 Metaspace       used 91815K, capacity 93511K, committed 93992K, reserved 1130496K
  class space    used 12284K, capacity 12707K, committed 12840K, reserved 1048576K
}
Event: 94970.429 GC heap before
{Heap before GC invocations=780 (full 12):
 PSYoungGen      total 503296K, used 7160K [0x000000076ab00000, 0x000000078af80000, 0x00000007c0000000)
  eden space 496128K, 0% used [0x000000076ab00000,0x000000076ab00000,0x0000000788f80000)
  from space 7168K, 99% used [0x000000078a880000,0x000000078af7e1a8,0x000000078af80000)
  to   space 13312K, 0% used [0x0000000789580000,0x0000000789580000,0x000000078a280000)
 ParOldGen       total 848896K, used 604945K [0x00000006c0000000, 0x00000006f3d00000, 0x000000076ab00000)
  object space 848896K, 71% used [0x00000006c0000000,0x00000006e4ec47d0,0x00000006f3d00000)
 Metaspace       used 91815K, capacity 93511K, committed 93992K, reserved 1130496K
  class space    used 12284K, capacity 12707K, committed 12840K, reserved 1048576K
Event: 94972.948 GC heap after
Heap after GC invocations=780 (full 12):
 PSYoungGen      total 503296K, used 0K [0x000000076ab00000, 0x000000078af80000, 0x00000007c0000000)
  eden space 496128K, 0% used [0x000000076ab00000,0x000000076ab00000,0x0000000788f80000)
  from space 7168K, 0% used [0x000000078a880000,0x000000078a880000,0x000000078af80000)
  to   space 13312K, 0% used [0x0000000789580000,0x0000000789580000,0x000000078a280000)
 ParOldGen       total 848896K, used 566365K [0x00000006c0000000, 0x00000006f3d00000, 0x000000076ab00000)
  object space 848896K, 66% used [0x00000006c0000000,0x00000006e2917688,0x00000006f3d00000)
 Metaspace       used 91815K, capacity 93511K, committed 93992K, reserved 1130496K
  class space    used 12284K, capacity 12707K, committed 12840K, reserved 1048576K
}

Deoptimization events (10 events):
Event: 94934.302 Thread 0x0000000002fa5000 Uncommon trap: reason=unstable_if action=reinterpret pc=0x0000000003a2dc84 method=org.lwjgl.opengl.EventQueue.copyEvents(Ljava/nio/ByteBuffer;)V @ 27
Event: 94957.195 Thread 0x0000000002fa5000 Uncommon trap: reason=unstable_if action=reinterpret pc=0x00000000074ada28 method=net.minecraftforge.fml.client.config.GuiUtils.drawHoveringText(Lnet/minecraft/item/ItemStack;Ljava/util/List;IIIIILnet/minecraft/client/gui/FontRenderer;)V @ 186
Event: 94969.530 Thread 0x000000001f4ed800 Uncommon trap: reason=unstable_if action=reinterpret pc=0x00000000038da654 method=net.minecraft.server.MinecraftServer.func_175586_a(Ljava/util/concurrent/Callable;)Lcom/google/common/util/concurrent/ListenableFuture; @ 9
Event: 94970.154 Thread 0x000000001f4ed800 Uncommon trap: reason=unstable_if action=reinterpret pc=0x0000000003e65874 method=java.lang.ref.SoftReference.get()Ljava/lang/Object; @ 6
Event: 94972.964 Thread 0x0000000003093800 Uncommon trap: reason=class_check action=maybe_recompile pc=0x0000000004c23a30 method=sun.misc.Cleaner.clean()V @ 12
Event: 94974.827 Thread 0x0000000002fa5000 Uncommon trap: reason=unstable_if action=reinterpret pc=0x0000000006947768 method=net.minecraft.client.Minecraft.func_71411_J()V @ 23
Event: 94974.831 Thread 0x0000000002fa5000 Uncommon trap: reason=unstable_if action=reinterpret pc=0x0000000005a89400 method=net.minecraft.client.Minecraft.func_99999_d()V @ 43
Event: 94974.832 Thread 0x000000001edfe800 Uncommon trap: reason=unstable_if action=reinterpret pc=0x0000000004ae20fc method=paulscode.sound.CommandThread.run()V @ 36
Event: 94975.509 Thread 0x0000000002fa5000 Uncommon trap: reason=unstable_if action=reinterpret pc=0x0000000003315c68 method=java.lang.ref.SoftReference.get()Ljava/lang/Object; @ 6
Event: 94975.667 Thread 0x0000000002fa5000 Uncommon trap: reason=unstable_if action=reinterpret pc=0x00000000037fa790 method=net.minecraftforge.fml.relauncher.FMLSecurityManager.checkPermission(Ljava/security/Permission;)V @ 23

Internal exceptions (10 events):
Event: 94969.205 Thread 0x000000001edfe800 Exception <a 'java/lang/InterruptedException': sleep interrupted> (0x000000076be3be08) thrown at [C:\re\workspace\8-2-build-windows-amd64-cygwin\jdk8u51\3951\hotspot\src\share\vm\prims\jvm.cpp, line 3211]
Event: 94969.230 Thread 0x000000001edfe800 Exception <a 'java/lang/InterruptedException': sleep interrupted> (0x000000076be3c008) thrown at [C:\re\workspace\8-2-build-windows-amd64-cygwin\jdk8u51\3951\hotspot\src\share\vm\prims\jvm.cpp, line 3211]
Event: 94970.154 Thread 0x000000001f4ed800 Implicit null exception at 0x0000000003e65279 to 0x0000000003e6584d
Event: 94970.166 Thread 0x000000001edfe800 Exception <a 'java/lang/InterruptedException': sleep interrupted> (0x000000076be3cde0) thrown at [C:\re\workspace\8-2-build-windows-amd64-cygwin\jdk8u51\3951\hotspot\src\share\vm\prims\jvm.cpp, line 3211]
Event: 94970.166 Thread 0x000000001edfe800 Exception <a 'java/lang/InterruptedException': sleep interrupted> (0x000000076be3cfe0) thrown at [C:\re\workspace\8-2-build-windows-amd64-cygwin\jdk8u51\3951\hotspot\src\share\vm\prims\jvm.cpp, line 3163]
Event: 94972.950 Thread 0x0000000002fa5000 Exception <a 'java/io/IOException'> (0x000000076ab0c138) thrown at [C:\re\workspace\8-2-build-windows-amd64-cygwin\jdk8u51\3951\hotspot\src\share\vm\prims\jni.cpp, line 709]
Event: 94972.950 Thread 0x0000000002fa5000 Exception <a 'java/io/IOException'> (0x000000076ab1a5c0) thrown at [C:\re\workspace\8-2-build-windows-amd64-cygwin\jdk8u51\3951\hotspot\src\share\vm\prims\jni.cpp, line 709]
Event: 94974.832 Thread 0x000000001edfe800 Exception <a 'java/lang/InterruptedException': sleep interrupted> (0x000000076b08e6c8) thrown at [C:\re\workspace\8-2-build-windows-amd64-cygwin\jdk8u51\3951\hotspot\src\share\vm\prims\jvm.cpp, line 3211]
Event: 94974.933 Thread 0x0000000025c04800 Exception <a 'java/lang/InterruptedException': sleep interrupted> (0x000000076b099650) thrown at [C:\re\workspace\8-2-build-windows-amd64-cygwin\jdk8u51\3951\hotspot\src\share\vm\prims\jvm.cpp, line 3211]
Event: 94975.509 Thread 0x0000000002fa5000 Implicit null exception at 0x00000000033155ea to 0x0000000003315c4d

Events (10 events):
Event: 94975.667 Thread 0x0000000035a77000 Thread added: 0x0000000035a77000
Event: 94975.668 Thread 0x0000000035a74000 Thread added: 0x0000000035a74000
Event: 94975.668 Thread 0x0000000035a75800 Thread exited: 0x0000000035a75800
Event: 94975.668 Thread 0x0000000035a77000 Thread exited: 0x0000000035a77000
Event: 94975.668 Thread 0x0000000035a7c800 Thread added: 0x0000000035a7c800
Event: 94975.668 Thread 0x0000000035a74000 Thread exited: 0x0000000035a74000
Event: 94975.670 Thread 0x0000000035a73800 Thread exited: 0x0000000035a73800
Event: 94975.686 Thread 0x0000000035a7b000 Thread exited: 0x0000000035a7b000
Event: 94975.769 Thread 0x0000000035a78800 Thread exited: 0x0000000035a78800
Event: 94975.774 Executing VM operation: Exit


Dynamic libraries:
0x00007ff65c9a0000 - 0x00007ff65c9d7000 	C:\Users\Public\Downloads\Minecraft\Install\runtime\jre-x64\1.8.0_51\bin\javaw.exe
0x00007ffb1d7b0000 - 0x00007ffb1d991000 	C:\WINDOWS\SYSTEM32\ntdll.dll
0x00007ffb1ca30000 - 0x00007ffb1cae2000 	C:\WINDOWS\System32\KERNEL32.DLL
0x00007ffb19ec0000 - 0x00007ffb1a133000 	C:\WINDOWS\System32\KERNELBASE.dll
0x00007ffb1ad30000 - 0x00007ffb1add1000 	C:\WINDOWS\System32\ADVAPI32.dll
0x00007ffb1b100000 - 0x00007ffb1b19e000 	C:\WINDOWS\System32\msvcrt.dll
0x00007ffb1cf50000 - 0x00007ffb1cfab000 	C:\WINDOWS\System32\sechost.dll
0x00007ffb1ade0000 - 0x00007ffb1af04000 	C:\WINDOWS\System32\RPCRT4.dll
0x00007ffb1c8a0000 - 0x00007ffb1ca30000 	C:\WINDOWS\System32\USER32.dll
0x00007ffb1a140000 - 0x00007ffb1a160000 	C:\WINDOWS\System32\win32u.dll
0x00007ffb1b1a0000 - 0x00007ffb1b1c8000 	C:\WINDOWS\System32\GDI32.dll
0x00007ffb1a160000 - 0x00007ffb1a2f2000 	C:\WINDOWS\System32\gdi32full.dll
0x00007ffb19b80000 - 0x00007ffb19c1f000 	C:\WINDOWS\System32\msvcp_win.dll
0x00007ffb1a300000 - 0x00007ffb1a3fa000 	C:\WINDOWS\System32\ucrtbase.dll
0x00007ffb09b30000 - 0x00007ffb09d99000 	C:\WINDOWS\WinSxS\amd64_microsoft.windows.common-controls_6595b64144ccf1df_6.0.17134.285_none_fb4297e330656775\COMCTL32.dll
0x00007ffb1d230000 - 0x00007ffb1d553000 	C:\WINDOWS\System32\combase.dll
0x00007ffb1abc0000 - 0x00007ffb1ac3a000 	C:\WINDOWS\System32\bcryptPrimitives.dll
0x00007ffb1d670000 - 0x00007ffb1d69d000 	C:\WINDOWS\System32\IMM32.DLL
0x00000000733c0000 - 0x0000000073492000 	C:\Users\Public\Downloads\Minecraft\Install\runtime\jre-x64\1.8.0_51\bin\msvcr100.dll
0x0000000072b30000 - 0x00000000733b3000 	C:\Users\Public\Downloads\Minecraft\Install\runtime\jre-x64\1.8.0_51\bin\server\jvm.dll
0x00007ffb1b070000 - 0x00007ffb1b078000 	C:\WINDOWS\System32\PSAPI.DLL
0x00007ffb16480000 - 0x00007ffb16489000 	C:\WINDOWS\SYSTEM32\WSOCK32.dll
0x00007ffb167b0000 - 0x00007ffb167d3000 	C:\WINDOWS\SYSTEM32\WINMM.dll
0x00007ffb1c830000 - 0x00007ffb1c89c000 	C:\WINDOWS\System32\WS2_32.dll
0x00007ffb16140000 - 0x00007ffb1616a000 	C:\WINDOWS\SYSTEM32\winmmbase.dll
0x00007ffb1ab70000 - 0x00007ffb1abb9000 	C:\WINDOWS\System32\cfgmgr32.dll
0x00007ffb12260000 - 0x00007ffb1226a000 	C:\WINDOWS\SYSTEM32\VERSION.dll
0x0000000072b20000 - 0x0000000072b2f000 	C:\Users\Public\Downloads\Minecraft\Install\runtime\jre-x64\1.8.0_51\bin\verify.dll
0x0000000072af0000 - 0x0000000072b19000 	C:\Users\Public\Downloads\Minecraft\Install\runtime\jre-x64\1.8.0_51\bin\java.dll
0x0000000072ad0000 - 0x0000000072ae6000 	C:\Users\Public\Downloads\Minecraft\Install\runtime\jre-x64\1.8.0_51\bin\zip.dll
0x00007ffb1b3f0000 - 0x00007ffb1c830000 	C:\WINDOWS\System32\SHELL32.dll
0x00007ffb1d560000 - 0x00007ffb1d609000 	C:\WINDOWS\System32\shcore.dll
0x00007ffb1a460000 - 0x00007ffb1ab6d000 	C:\WINDOWS\System32\windows.storage.dll
0x00007ffb1d6a0000 - 0x00007ffb1d6f1000 	C:\WINDOWS\System32\shlwapi.dll
0x00007ffb19ae0000 - 0x00007ffb19af1000 	C:\WINDOWS\System32\kernel.appcore.dll
0x00007ffb19ac0000 - 0x00007ffb19adf000 	C:\WINDOWS\System32\profapi.dll
0x00007ffb19b00000 - 0x00007ffb19b4c000 	C:\WINDOWS\System32\powrprof.dll
0x00007ffb19b50000 - 0x00007ffb19b5a000 	C:\WINDOWS\System32\FLTLIB.DLL
0x0000000072ac0000 - 0x0000000072acd000 	C:\Users\Public\Downloads\Minecraft\Install\runtime\jre-x64\1.8.0_51\bin\management.dll
0x0000000072aa0000 - 0x0000000072aba000 	C:\Users\Public\Downloads\Minecraft\Install\runtime\jre-x64\1.8.0_51\bin\net.dll
0x00007ffb192e0000 - 0x00007ffb19346000 	C:\WINDOWS\system32\mswsock.dll
0x00007ffb04f10000 - 0x00007ffb04f26000 	C:\WINDOWS\system32\napinsp.dll
0x00007ffb0a2d0000 - 0x00007ffb0a2ea000 	C:\WINDOWS\system32\pnrpnsp.dll
0x00007ffb161b0000 - 0x00007ffb161c9000 	C:\WINDOWS\system32\NLAapi.dll
0x00007ffb190b0000 - 0x00007ffb1916e000 	C:\WINDOWS\SYSTEM32\DNSAPI.dll
0x00007ffb1caf0000 - 0x00007ffb1caf8000 	C:\WINDOWS\System32\NSI.dll
0x00007ffb19060000 - 0x00007ffb19098000 	C:\WINDOWS\SYSTEM32\IPHLPAPI.DLL
0x00007ffb11660000 - 0x00007ffb1166e000 	C:\WINDOWS\System32\winrnr.dll
0x00007ffb10c50000 - 0x00007ffb10c5a000 	C:\Windows\System32\rasadhlp.dll
0x00007ffb12e90000 - 0x00007ffb12f02000 	C:\WINDOWS\System32\fwpuclnt.dll
0x00007ffb195c0000 - 0x00007ffb195e5000 	C:\WINDOWS\SYSTEM32\bcrypt.dll
0x0000000072a80000 - 0x0000000072a91000 	C:\Users\Public\Downloads\Minecraft\Install\runtime\jre-x64\1.8.0_51\bin\nio.dll
0x0000000072a60000 - 0x0000000072a77000 	C:\Users\Public\Downloads\Minecraft\Install\runtime\jre-x64\1.8.0_51\bin\unpack.dll
0x0000000180000000 - 0x0000000180053000 	C:\Users\Svenl_0xatfo7\AppData\Local\Temp\76b0-32c4-94cc-13a8\lwjgl64.dll
0x00007ffad5810000 - 0x00007ffad5930000 	C:\WINDOWS\SYSTEM32\OPENGL32.dll
0x00007ffb06560000 - 0x00007ffb0658c000 	C:\WINDOWS\SYSTEM32\GLU32.dll
0x00007ffb19490000 - 0x00007ffb194a7000 	C:\WINDOWS\SYSTEM32\CRYPTSP.dll
0x00007ffb18ec0000 - 0x00007ffb18ef3000 	C:\WINDOWS\system32\rsaenh.dll
0x00007ffb199f0000 - 0x00007ffb19a18000 	C:\WINDOWS\SYSTEM32\USERENV.dll
0x00007ffb194b0000 - 0x00007ffb194bb000 	C:\WINDOWS\SYSTEM32\CRYPTBASE.dll
0x00007ffb13a80000 - 0x00007ffb13a96000 	C:\WINDOWS\SYSTEM32\dhcpcsvc6.DLL
0x00007ffb13c70000 - 0x00007ffb13c8a000 	C:\WINDOWS\SYSTEM32\dhcpcsvc.DLL
0x00000000728c0000 - 0x0000000072a58000 	C:\Users\Public\Downloads\Minecraft\Install\runtime\jre-x64\1.8.0_51\bin\awt.dll
0x00007ffb1d160000 - 0x00007ffb1d222000 	C:\WINDOWS\System32\OLEAUT32.dll
0x00007ffb17b70000 - 0x00007ffb17bfb000 	C:\WINDOWS\SYSTEM32\apphelp.dll
0x00007ffb17f50000 - 0x00007ffb17fe8000 	C:\WINDOWS\system32\uxtheme.dll
0x00007ffb1b1d0000 - 0x00007ffb1b345000 	C:\WINDOWS\System32\MSCTF.dll
0x00007ffb18210000 - 0x00007ffb18239000 	C:\WINDOWS\system32\dwmapi.dll
0x00007ffb062f0000 - 0x00007ffb06308000 	C:\WINDOWS\SYSTEM32\atig6pxx.dll
0x0000000070ac0000 - 0x00000000728c0000 	C:\WINDOWS\SYSTEM32\atio6axx.dll
0x00007ffb1cb00000 - 0x00007ffb1cf4b000 	C:\WINDOWS\System32\SETUPAPI.dll
0x00007ffae8c30000 - 0x00007ffae8d71000 	C:\WINDOWS\SYSTEM32\atiadlxx.dll
0x00007ffb1af10000 - 0x00007ffb1b061000 	C:\WINDOWS\System32\ole32.dll
0x00007ffb185c0000 - 0x00007ffb18774000 	C:\WINDOWS\SYSTEM32\PROPSYS.dll
0x00007ffb15bd0000 - 0x00007ffb15be3000 	C:\WINDOWS\SYSTEM32\WTSAPI32.dll
0x00007ffb19870000 - 0x00007ffb19897000 	C:\WINDOWS\SYSTEM32\DEVOBJ.dll
0x00007ffb1a400000 - 0x00007ffb1a457000 	C:\WINDOWS\System32\WINTRUST.dll
0x00007ffb19b60000 - 0x00007ffb19b72000 	C:\WINDOWS\System32\MSASN1.dll
0x00007ffb19c20000 - 0x00007ffb19e02000 	C:\WINDOWS\System32\CRYPT32.dll
0x00007ffafaf70000 - 0x00007ffafaf9c000 	C:\WINDOWS\SYSTEM32\atig6txx.dll
0x00007ffaff600000 - 0x00007ffaff6a8000 	C:\WINDOWS\SYSTEM32\mscms.dll
0x00007ffaff5f0000 - 0x00007ffaff600000 	C:\WINDOWS\SYSTEM32\ColorAdapterClient.dll
0x00007ffafd390000 - 0x00007ffafd3d3000 	C:\WINDOWS\SYSTEM32\icm32.dll
0x00007ffb18940000 - 0x00007ffb189fb000 	C:\WINDOWS\SYSTEM32\dxgi.dll
0x00007ffb164a0000 - 0x00007ffb167ab000 	C:\WINDOWS\SYSTEM32\d3d11.dll
0x00007ffb025e0000 - 0x00007ffb02622000 	C:\Users\Svenl_0xatfo7\AppData\Local\Temp\jna-1829947508\jna6309560821402108964.dll
0x0000000070a90000 - 0x0000000070ab4000 	C:\Users\Public\Downloads\Minecraft\Install\runtime\jre-x64\1.8.0_51\bin\sunec.dll
0x00007ffb11100000 - 0x00007ffb11197000 	C:\WINDOWS\System32\TextInputFramework.dll
0x00007ffb13550000 - 0x00007ffb1386e000 	C:\WINDOWS\System32\CoreUIComponents.dll
0x00007ffb17970000 - 0x00007ffb17a4a000 	C:\WINDOWS\System32\CoreMessaging.dll
0x00007ffb15380000 - 0x00007ffb154cd000 	C:\WINDOWS\SYSTEM32\wintypes.dll
0x00007ffb18b80000 - 0x00007ffb18bb1000 	C:\WINDOWS\SYSTEM32\ntmarta.dll
0x00000000261b0000 - 0x0000000026214000 	C:\Users\SVENL_~1\AppData\Local\Temp\76b0-32c4-94cc-13a8\OpenAL64.dll
0x00007ffb1b350000 - 0x00007ffb1b3f0000 	C:\WINDOWS\System32\clbcatq.dll
0x00007ffb15040000 - 0x00007ffb150b6000 	C:\WINDOWS\System32\MMDevApi.dll
0x00007ffaf76a0000 - 0x00007ffaf772f000 	C:\WINDOWS\SYSTEM32\dsound.dll
0x00007ffaf6a70000 - 0x00007ffaf6b9c000 	C:\WINDOWS\SYSTEM32\AUDIOSES.DLL
0x00007ffb13bf0000 - 0x00007ffb13bfa000 	C:\WINDOWS\SYSTEM32\AVRT.dll
0x00007ffb06760000 - 0x00007ffb0677a000 	C:\Users\SVENL_~1\AppData\Local\Temp\76b0-32c4-94cc-13a8\SAPIWrapper_x64.dll
0x00007ffb06820000 - 0x00007ffb06852000 	C:\WINDOWS\system32\twext.dll
0x00007ffb0d540000 - 0x00007ffb0d671000 	C:\Windows\System32\Windows.StateRepositoryPS.dll
0x00007ffb02b30000 - 0x00007ffb02bb8000 	C:\Windows\System32\appresolver.dll
0x00007ffb11680000 - 0x00007ffb116d0000 	C:\Windows\System32\Bcp47Langs.dll
0x00007ffb18b20000 - 0x00007ffb18b47000 	C:\Windows\System32\SLC.dll
0x00007ffb18af0000 - 0x00007ffb18b15000 	C:\Windows\System32\sppc.dll
0x00007ffaf7820000 - 0x00007ffaf785b000 	C:\Windows\System32\WorkfoldersShell.dll
0x00007ffaff910000 - 0x00007ffaff9ea000 	C:\WINDOWS\system32\ntshrui.dll
0x00007ffb199c0000 - 0x00007ffb199f0000 	C:\WINDOWS\system32\SspiCli.dll
0x00007ffb0af40000 - 0x00007ffb0af66000 	C:\WINDOWS\system32\srvcli.dll
0x00007ffb05830000 - 0x00007ffb05842000 	C:\WINDOWS\SYSTEM32\cscapi.dll
0x00007ffb190a0000 - 0x00007ffb190ae000 	C:\WINDOWS\system32\netutils.dll
0x00007ffb07d30000 - 0x00007ffb07d57000 	C:\WINDOWS\System32\shacct.dll
0x00007ffb04990000 - 0x00007ffb04a08000 	C:\Program Files\PDF Architect 4\creator-context-menu.dll
0x00007ffb0e5a0000 - 0x00007ffb0e647000 	C:\WINDOWS\SYSTEM32\MSVCP110.dll
0x00007ffb0e730000 - 0x00007ffb0e738000 	C:\Program Files\PDF Architect 4\encoding-conversion.dll
0x00007ffb0e1f0000 - 0x00007ffb0e2c4000 	C:\WINDOWS\SYSTEM32\MSVCR110.dll
0x00007ffb0b880000 - 0x00007ffb0b8bf000 	C:\Program Files\PDF Architect 4\brand.dll
0x00007ffb0e460000 - 0x00007ffb0e476000 	C:\Program Files\PDF Architect 4\atom.dll
0x00007ffb0e6a0000 - 0x00007ffb0e72d000 	C:\Program Files\PDF Architect 4\root-service-provider.dll
0x00007ffb07860000 - 0x00007ffb07887000 	C:\WINDOWS\System32\IDStore.dll
0x00007ffb15300000 - 0x00007ffb15323000 	C:\WINDOWS\System32\SAMLIB.dll
0x00007ffb0b8c0000 - 0x00007ffb0b91c000 	C:\Program Files\PDF Architect 4\logger.dll
0x00007ffb0b4c0000 - 0x00007ffb0b568000 	C:\WINDOWS\System32\wlidprov.dll
0x00007ffb151d0000 - 0x00007ffb151e8000 	C:\WINDOWS\System32\samcli.dll
0x00007ffafd420000 - 0x00007ffafd495000 	C:\WINDOWS\System32\provsvc.dll
0x00007ffb0b770000 - 0x00007ffb0b7a3000 	C:\Program Files\PDF Architect 4\notification-service.dll
0x00007ffae31d0000 - 0x00007ffae3330000 	C:\Program Files\PDF Architect 4\localization-service.dll
0x00007ffb18050000 - 0x00007ffb18208000 	C:\Windows\System32\twinapi.appcore.dll

VM Arguments:
jvm_args: -Dos.name=Windows 10 -Dos.version=10.0 -XX:HeapDumpPath=MojangTricksIntelDriversForPerformance_javaw.exe_minecraft.exe.heapdump -Djava.library.path=C:\Users\SVENL_~1\AppData\Local\Temp\76b0-32c4-94cc-13a8 -Dminecraft.launcher.brand=minecraft-launcher -Dminecraft.launcher.version=2.1.1432 -Dminecraft.client.jar=C:\Users\Public\Downloads\Minecraft\Install\versions\1.12.2\1.12.2.jar -Xmx4096m -Xms256m -XX:PermSize=256m -Dminecraft.applet.TargetDirectory=C:\Users\Public\Downloads\Minecraft\Instances\SlenderPack Demon -Dfml.ignorePatchDiscrepancies=true -Dfml.ignoreInvalidMinecraftCertificates=true -Duser.language=en -Duser.country=US -Dlog4j.configurationFile=C:/Users\Public\Downloads\Minecraft\Install\assets\log_configs\client-1.12.xml 
java_command: net.minecraft.launchwrapper.Launch --username BlackDemonFire --version forge-14.23.4.2762 --gameDir C:\Users\Public\Downloads\Minecraft\Instances\SlenderPack Demon\ --assetsDir C:/Users\Public\Downloads\Minecraft\Install/assets --assetIndex 1.12 --uuid 34eedddc1c094cd8890a0b34a556d716 --accessToken 93ec0a725f7343dfad6c84b5cbeb522d --userType mojang --tweakClass net.minecraftforge.fml.common.launcher.FMLTweaker --versionType Forge --width 1024 --height 768
java_class_path (initial): C:\Users\Public\Downloads\Minecraft\Install\libraries\net\minecraftforge\forge\1.12.2-14.23.4.2762\forge-1.12.2-14.23.4.2762.jar;C:\Users\Public\Downloads\Minecraft\Install\libraries\net\minecraft\launchwrapper\1.12\launchwrapper-1.12.jar;C:\Users\Public\Downloads\Minecraft\Install\libraries\org\ow2\asm\asm-all\5.2\asm-all-5.2.jar;C:\Users\Public\Downloads\Minecraft\Install\libraries\org\jline\jline\3.5.1\jline-3.5.1.jar;C:\Users\Public\Downloads\Minecraft\Install\libraries\net\java\dev\jna\jna\4.4.0\jna-4.4.0.jar;C:\Users\Public\Downloads\Minecraft\Install\libraries\com\typesafe\akka\akka-actor_2.11\2.3.3\akka-actor_2.11-2.3.3.jar;C:\Users\Public\Downloads\Minecraft\Install\libraries\com\typesafe\config\1.2.1\config-1.2.1.jar;C:\Users\Public\Downloads\Minecraft\Install\libraries\org\scala-lang\scala-actors-migration_2.11\1.1.0\scala-actors-migration_2.11-1.1.0.jar;C:\Users\Public\Downloads\Minecraft\Install\libraries\org\scala-lang\scala-compiler\2.11.1\scala-compiler-2.11.1.jar;C:\Users\Public\Downloads\Minecraft\Install\libraries\org\scala-lang\plugins\scala-continuations-library_2.11\1.0.2\scala-continuations-library_2.11-1.0.2.jar;C:\Users\Public\Downloads\Minecraft\Install\libraries\org\scala-lang\plugins\scala-continuations-plugin_2.11.1\1.0.2\scala-continuations-plugin_2.11.1-1.0.2.jar;C:\Users\Public\Downloads\Minecraft\Install\libraries\org\scala-lang\scala-library\2.11.1\scala-library-2.11.1.jar;C:\Users\Public\Downloads\Minecraft\Install\libraries\org\scala-lang\scala-parser-combinators_2.11\1.0.1\scala-parser-combinators_2.11-1.0.1.jar;C:\Users\Public\Downloads\Minecraft\Install\libraries\org\scala-lang\scala-reflect\2.11.1\scala-reflect-2.11.1.jar;C:\Users\Public\Downloads\Minecraft\Install\libraries\org\scala-lang\scala-swing_2.11\1.0.1\scala-swing_2.11-1.0.1.jar;C:\Users\Public\Downloads\Minecraft\Install\libraries\org\scala-lang\scala-xml_2.11\1.0.2\scala-xml_2.11-1.0.2.jar;C:\Users\Public\Downloads\Minecraft\Install\lib
Launcher Type: SUN_STANDARD

Environment Variables:
USERNAME=Svenl_0xatfo7
OS=Windows_NT
PROCESSOR_IDENTIFIER=Intel64 Family 6 Model 42 Stepping 7, GenuineIntel



---------------  S Y S T E M  ---------------

OS: Windows 10.0 , 64 bit Build 17134 (10.0.17134.1)

CPU:total 4 (2 cores per cpu, 2 threads per core) family 6 model 42 stepping 7, cmov, cx8, fxsr, mmx, sse, sse2, sse3, ssse3, sse4.1, sse4.2, popcnt, avx, clmul, ht, tsc, tscinvbit

Memory: 4k page, physical 8369804k(2260828k free), swap 29687636k(12671356k free)

vm_info: Java HotSpot(TM) 64-Bit Server VM (25.51-b03) for windows-amd64 JRE (1.8.0_51-b16), built on Jun  8 2015 18:03:07 by "java_re" with MS VC++ 10.0 (VS2010)

time: Sun Sep 30 13:35:35 2018
elapsed time: 94982 seconds (1d 2h 23m 2s)

